2023-10-30 18:56:20,329 - basicLogger - INFO - Retrieving adding_macros at index 100
2023-10-30 18:56:21,452 - basicLogger - ERROR - No more messages found
2023-10-30 18:56:21,452 - basicLogger - ERROR - Could not find adding_macros at index 100
2023-10-30 18:56:32,440 - basicLogger - INFO - Retrieving adding_macros at index 5
2023-10-30 18:56:33,515 - basicLogger - ERROR - No more messages found
2023-10-30 18:56:33,515 - basicLogger - ERROR - Could not find adding_macros at index 5
2023-10-30 18:58:13,507 - basicLogger - INFO - Retrieving adding_macros at index 5
2023-10-30 18:58:14,585 - basicLogger - ERROR - No more messages found
2023-10-30 18:58:14,585 - basicLogger - ERROR - Could not find adding_macros at index 5
2023-10-30 18:58:45,619 - basicLogger - INFO - Retrieving adding_macros at index 1
2023-10-30 19:03:51,049 - basicLogger - INFO - Retrieving adding_macros at index 40
2023-10-31 14:19:56,363 - basicLogger - INFO - Retrieving adding_macros at index 1
2023-10-31 14:19:57,485 - basicLogger - ERROR - No more messages found
2023-10-31 14:19:57,485 - basicLogger - ERROR - Could not find adding_macros at index 1
2023-10-31 14:21:19,346 - basicLogger - INFO - Retrieving adding_macros at index 1
2023-10-31 14:21:20,421 - basicLogger - ERROR - No more messages found
2023-10-31 14:21:20,421 - basicLogger - ERROR - Could not find adding_macros at index 1
2023-10-31 14:22:41,918 - basicLogger - INFO - Retrieving adding_macros at index 1
2023-10-31 14:22:43,006 - basicLogger - ERROR - No more messages found
2023-10-31 14:22:43,006 - basicLogger - ERROR - Could not find adding_macros at index 1
2023-10-31 14:22:55,523 - basicLogger - INFO - Retrieving adding_macros at index 1
2023-10-31 14:22:56,596 - basicLogger - ERROR - No more messages found
2023-10-31 14:22:56,596 - basicLogger - ERROR - Could not find adding_macros at index 1
2023-10-31 14:24:58,243 - basicLogger - INFO - Retrieving add_weight at index 1
2023-10-31 14:25:08,023 - basicLogger - INFO - Retrieving adding_macros at index 1
2023-10-31 14:25:09,105 - basicLogger - ERROR - No more messages found
2023-10-31 14:25:09,105 - basicLogger - ERROR - Could not find adding_macros at index 1
2023-10-31 14:28:55,534 - basicLogger - INFO - Retrieving adding_macros at index 1
2023-10-31 14:28:56,605 - basicLogger - ERROR - No more messages found
2023-10-31 14:28:56,605 - basicLogger - ERROR - Could not find adding_macros at index 1
2023-10-31 14:29:01,770 - basicLogger - INFO - Retrieving add_weight at index 1
2023-10-31 14:30:23,932 - basicLogger - INFO - Retrieving add_weight at index 1
2023-10-31 14:30:29,919 - basicLogger - INFO - Retrieving adding_macros at index 1
2023-10-31 14:30:31,000 - basicLogger - ERROR - No more messages found
2023-10-31 14:30:31,000 - basicLogger - ERROR - Could not find adding_macros at index 1
2023-10-31 14:31:24,177 - basicLogger - INFO - Retrieving adding_macros at index 1
2023-10-31 14:31:25,247 - basicLogger - ERROR - No more messages found
2023-10-31 14:31:25,247 - basicLogger - ERROR - Could not find adding_macros at index 1
2023-10-31 14:31:39,686 - basicLogger - INFO - Retrieving adding_macros at index 1
2023-10-31 14:31:40,764 - basicLogger - ERROR - No more messages found
2023-10-31 14:31:40,764 - basicLogger - ERROR - Could not find adding_macros at index 1
2023-10-31 14:32:02,984 - basicLogger - INFO - Retrieving add_weight at index 1
2023-10-31 14:33:12,552 - basicLogger - INFO - Retrieving adding_macros at index 1
2023-10-31 14:33:13,660 - basicLogger - ERROR - No more messages found
2023-10-31 14:33:13,660 - basicLogger - ERROR - Could not find adding_macros at index 1
2023-10-31 14:34:34,071 - basicLogger - INFO - Retrieving add_weight at index 1
2023-10-31 14:34:47,555 - basicLogger - INFO - Retrieving adding_macros at index 1
2023-10-31 14:34:48,694 - basicLogger - ERROR - No more messages found
2023-10-31 14:34:48,694 - basicLogger - ERROR - Could not find adding_macros at index 1
2023-10-31 14:37:16,916 - basicLogger - INFO - Retrieving adding_macros at index 10
2023-10-31 14:37:18,007 - basicLogger - ERROR - No more messages found
2023-10-31 14:37:18,007 - basicLogger - ERROR - Could not find adding_macros at index 10
2023-10-31 14:38:51,810 - basicLogger - INFO - Retrieving add_weight at index 2
2023-10-31 14:39:54,871 - basicLogger - INFO - Retrieving adding_macros at index 2
2023-10-31 14:40:10,048 - basicLogger - INFO - Retrieving adding_macros at index 1
2023-10-31 14:52:11,826 - basicLogger - INFO - Retrieving adding_macros at index 0
2023-10-31 14:52:20,141 - basicLogger - INFO - Retrieving adding_macros at index 200
2023-10-31 14:52:21,365 - basicLogger - ERROR - No more messages found
2023-10-31 14:52:21,365 - basicLogger - ERROR - Could not find adding_macros at index 200
2023-10-31 14:52:27,289 - basicLogger - INFO - Retrieving adding_macros at index 100
2023-10-31 14:52:36,109 - basicLogger - INFO - Retrieving add_weight at index 2
2023-10-31 14:52:41,568 - basicLogger - INFO - Retrieving add_weight at index 150
2023-10-31 14:52:42,845 - basicLogger - ERROR - No more messages found
2023-10-31 14:52:42,845 - basicLogger - ERROR - Could not find add_weight at index 150
2023-10-31 14:52:47,220 - basicLogger - INFO - Retrieving add_weight at index 125
